<?xml version="1.0" encoding="UTF-8" standalone="no"?>
<testsuite errors="0" failures="0" name="io.cucumber.core.plugin.JUnitFormatter" skipped="0" tests="4" time="39.189">
    <testcase classname="Contact Us" name="Invalid email" time="7.373">
        <system-out><![CDATA[Given user is on the page...................................................passed
And fill all the required fields............................................passed
When user click on Send.....................................................passed
Then an error message is presented in the screen............................passed
]]></system-out>
    </testcase>
    <testcase classname="Leadership and FB" name="Check Leadership and FB page" time="6.129">
        <system-out><![CDATA[Given user is on home page..................................................passed
When user click on Company..................................................passed
And verify URL and Leadership section.......................................passed
Then click on FB page.......................................................passed
And verify that a new page is opened in new browser.........................passed
]]></system-out>
    </testcase>
    <testcase classname="Careers" name="Careers" time="13.901">
        <system-out><![CDATA[Given user is on Career.....................................................passed
When click on Open Position.................................................passed
Then click on open Job......................................................passed
]]></system-out>
    </testcase>
    <testcase classname="Careers" name="Careers" time="11.662">
        <system-out><![CDATA[Given user is on Career page................................................passed
When click on Open Position page............................................passed
Then filter available position by cities....................................passed
]]></system-out>
    </testcase>
</testsuite>
